2024-02-05 19:14:56.616 [info] mshr-h.veriloghdl is now active.
2024-02-05 19:14:56.616 [info] [ExtensionManager] previousVersion: "1.13.2", currentVersion: "1.13.2"
2024-02-05 19:14:56.616 [info] [CtagsManager] ctags manager configure
2024-02-05 19:14:56.616 [warning] [LintManager] Invalid linter name: none
2024-02-05 19:14:56.616 [info] mshr-h.veriloghdl activation finished.
2024-02-05 19:14:56.616 [warning] [LintManager] Invalid linter name: none
2024-02-05 19:14:56.616 [warning] [LintManager] Invalid linter name: none
2024-02-05 19:14:56.616 [warning] [LintManager] Invalid linter name: none
2024-02-05 19:14:56.616 [warning] [LintManager] Invalid linter name: none
2024-02-05 19:14:56.616 [warning] [LintManager] Invalid linter name: none
2024-02-05 19:14:56.617 [info] [VerilogDocumentSymbolProvider] [VerilogSymbol] Symbols Requested: file:///home/courses/desdigsys2/2024s/dds224s02/ex-1/lab2/test_overlap_nonoverlap.sv
2024-02-05 19:14:56.617 [info] [CtagsManager] [Ctags] indexing...
2024-02-05 19:14:56.617 [info] [CtagsManager] [Ctags] executing ctags
2024-02-05 19:14:56.617 [info] [VerilogDocumentSymbolProvider] [VerilogSymbol] Symbols Requested: file:///home/courses/desdigsys2/2024s/dds224s02/ex-1/lab2/test_overlap_nonoverlap.sv
2024-02-05 19:14:56.617 [info] [CtagsManager] [Ctags] indexing...
2024-02-05 19:14:56.617 [info] [CtagsManager] [Ctags] executing ctags
2024-02-05 19:18:56.603 [info] [VerilogDocumentSymbolProvider] [VerilogSymbol] Symbols Requested: file:///home/courses/desdigsys2/2024s/dds224s02/ex-1/lab3/fifo.v
2024-02-05 19:18:56.603 [info] [CtagsManager] [Ctags] indexing...
2024-02-05 19:18:56.603 [info] [CtagsManager] [Ctags] executing ctags
2024-02-05 19:23:14.460 [info] [VerilogDocumentSymbolProvider] [VerilogSymbol] Symbols Requested: file:///home/courses/desdigsys2/2024s/dds224s02/ex-1/lab3/fifo_property.sv
2024-02-05 19:23:14.460 [info] [CtagsManager] [Ctags] indexing...
2024-02-05 19:23:14.460 [info] [CtagsManager] [Ctags] executing ctags
2024-02-05 19:23:51.652 [info] [VerilogDocumentSymbolProvider] [VerilogSymbol] Symbols Requested: file:///home/courses/desdigsys2/2024s/dds224s02/ex-1/lab3/fifo_property.sv
2024-02-05 19:23:51.652 [info] [CtagsManager] [Ctags] indexing...
2024-02-05 19:23:51.652 [info] [CtagsManager] [Ctags] executing ctags
2024-02-05 19:24:38.469 [info] [VerilogDocumentSymbolProvider] [VerilogSymbol] Symbols Requested: file:///home/courses/desdigsys2/2024s/dds224s02/ex-1/lab3/fifo_property.sv
2024-02-05 19:24:38.469 [info] [CtagsManager] [Ctags] indexing...
2024-02-05 19:24:38.469 [info] [CtagsManager] [Ctags] executing ctags
2024-02-05 19:25:15.538 [info] [VerilogDocumentSymbolProvider] [VerilogSymbol] Symbols Requested: file:///home/courses/desdigsys2/2024s/dds224s02/ex-1/lab3/fifo_property.sv
2024-02-05 19:25:15.538 [info] [CtagsManager] [Ctags] indexing...
2024-02-05 19:25:15.538 [info] [CtagsManager] [Ctags] executing ctags
2024-02-05 19:25:49.080 [info] [VerilogDocumentSymbolProvider] [VerilogSymbol] Symbols Requested: file:///home/courses/desdigsys2/2024s/dds224s02/ex-1/lab3/fifo_property.sv
2024-02-05 19:25:49.080 [info] [CtagsManager] [Ctags] indexing...
2024-02-05 19:25:49.080 [info] [CtagsManager] [Ctags] executing ctags
2024-02-05 19:25:55.785 [info] [VerilogHoverProvider] Hover requested
2024-02-05 19:25:55.785 [info] [CtagsManager] [Ctags] indexing...
2024-02-05 19:25:55.785 [info] [CtagsManager] [Ctags] executing ctags
2024-02-05 19:26:17.159 [info] [VerilogDocumentSymbolProvider] [VerilogSymbol] Symbols Requested: file:///home/courses/desdigsys2/2024s/dds224s02/ex-1/lab3/fifo_property.sv
2024-02-05 19:26:17.159 [info] [CtagsManager] [Ctags] indexing...
2024-02-05 19:26:17.159 [info] [CtagsManager] [Ctags] executing ctags
2024-02-05 19:27:35.833 [info] [VerilogDocumentSymbolProvider] [VerilogSymbol] Symbols Requested: file:///home/courses/desdigsys2/2024s/dds224s02/ex-1/lab3/fifo_property.sv
2024-02-05 19:27:35.833 [info] [CtagsManager] [Ctags] indexing...
2024-02-05 19:27:35.833 [info] [CtagsManager] [Ctags] executing ctags
2024-02-05 19:28:16.683 [info] [VerilogDocumentSymbolProvider] [VerilogSymbol] Symbols Requested: file:///home/courses/desdigsys2/2024s/dds224s02/ex-1/lab3/fifo_property.sv
2024-02-05 19:28:16.683 [info] [CtagsManager] [Ctags] indexing...
2024-02-05 19:28:16.683 [info] [CtagsManager] [Ctags] executing ctags
2024-02-05 19:28:19.536 [info] [VerilogHoverProvider] Hover requested
2024-02-05 19:28:19.536 [info] [CtagsManager] [Ctags] indexing...
2024-02-05 19:28:19.536 [info] [CtagsManager] [Ctags] executing ctags
2024-02-05 19:30:20.849 [info] [VerilogHoverProvider] Hover requested
2024-02-05 19:30:21.791 [info] [VerilogHoverProvider] Hover requested
2024-02-05 19:30:21.791 [info] [CtagsManager] [Ctags] indexing...
2024-02-05 19:30:21.791 [info] [CtagsManager] [Ctags] executing ctags
2024-02-05 19:30:26.143 [info] [VerilogHoverProvider] Hover requested
2024-02-05 19:30:39.902 [info] [VerilogHoverProvider] Hover requested
2024-02-05 19:30:39.902 [info] [CtagsManager] [Ctags] indexing...
2024-02-05 19:30:39.902 [info] [CtagsManager] [Ctags] executing ctags
2024-02-05 19:30:42.888 [info] [VerilogHoverProvider] Hover requested
2024-02-05 19:30:42.888 [info] [CtagsManager] [Ctags] indexing...
2024-02-05 19:30:42.888 [info] [CtagsManager] [Ctags] executing ctags
2024-02-05 19:30:43.307 [info] [VerilogHoverProvider] Hover requested
2024-02-05 19:30:43.307 [info] [CtagsManager] [Ctags] indexing...
2024-02-05 19:30:43.307 [info] [CtagsManager] [Ctags] executing ctags
2024-02-05 19:30:43.523 [info] [VerilogHoverProvider] Hover requested
2024-02-05 19:30:43.523 [info] [CtagsManager] [Ctags] indexing...
2024-02-05 19:30:43.523 [info] [CtagsManager] [Ctags] executing ctags
2024-02-05 19:30:43.713 [info] [VerilogHoverProvider] Hover requested
2024-02-05 19:30:43.713 [info] [CtagsManager] [Ctags] indexing...
2024-02-05 19:30:43.713 [info] [CtagsManager] [Ctags] executing ctags
2024-02-05 19:30:45.034 [info] [VerilogHoverProvider] Hover requested
2024-02-05 19:30:45.034 [info] [CtagsManager] [Ctags] indexing...
2024-02-05 19:30:45.034 [info] [CtagsManager] [Ctags] executing ctags
2024-02-05 19:30:45.247 [info] [VerilogHoverProvider] Hover requested
2024-02-05 19:30:45.247 [info] [CtagsManager] [Ctags] indexing...
2024-02-05 19:30:45.247 [info] [CtagsManager] [Ctags] executing ctags
2024-02-05 19:30:45.862 [info] [VerilogHoverProvider] Hover requested
2024-02-05 19:30:45.862 [info] [CtagsManager] [Ctags] indexing...
2024-02-05 19:30:45.862 [info] [CtagsManager] [Ctags] executing ctags
2024-02-05 19:30:46.225 [info] [VerilogHoverProvider] Hover requested
2024-02-05 19:30:46.225 [info] [CtagsManager] [Ctags] indexing...
2024-02-05 19:30:46.225 [info] [CtagsManager] [Ctags] executing ctags
2024-02-05 19:30:46.611 [info] [VerilogHoverProvider] Hover requested
2024-02-05 19:30:46.611 [info] [CtagsManager] [Ctags] indexing...
2024-02-05 19:30:46.611 [info] [CtagsManager] [Ctags] executing ctags
2024-02-05 19:30:47.101 [info] [VerilogHoverProvider] Hover requested
2024-02-05 19:30:47.101 [info] [CtagsManager] [Ctags] indexing...
2024-02-05 19:30:47.101 [info] [CtagsManager] [Ctags] executing ctags
2024-02-05 19:30:47.414 [info] [VerilogHoverProvider] Hover requested
2024-02-05 19:30:47.414 [info] [CtagsManager] [Ctags] indexing...
2024-02-05 19:30:47.414 [info] [CtagsManager] [Ctags] executing ctags
2024-02-05 19:36:49.256 [info] [VerilogDocumentSymbolProvider] [VerilogSymbol] Symbols Requested: file:///home/courses/desdigsys2/2024s/dds224s02/ex-1/lab3/README
2024-02-05 19:36:49.256 [info] [CtagsManager] [Ctags] indexing...
2024-02-05 19:36:49.256 [info] [CtagsManager] [Ctags] executing ctags
2024-02-05 19:37:15.212 [info] [VerilogHoverProvider] Hover requested
2024-02-05 19:37:15.212 [info] [CtagsManager] [Ctags] indexing...
2024-02-05 19:37:15.212 [info] [CtagsManager] [Ctags] executing ctags
2024-02-05 19:37:16.512 [info] [VerilogHoverProvider] Hover requested
2024-02-05 19:37:16.512 [info] [CtagsManager] [Ctags] indexing...
2024-02-05 19:37:16.512 [info] [CtagsManager] [Ctags] executing ctags
2024-02-05 19:37:16.729 [info] [VerilogHoverProvider] Hover requested
2024-02-05 19:37:16.729 [info] [CtagsManager] [Ctags] indexing...
2024-02-05 19:37:16.729 [info] [CtagsManager] [Ctags] executing ctags
2024-02-05 19:37:17.046 [info] [VerilogHoverProvider] Hover requested
2024-02-05 19:37:17.046 [info] [CtagsManager] [Ctags] indexing...
2024-02-05 19:37:17.046 [info] [CtagsManager] [Ctags] executing ctags
2024-02-05 19:41:26.009 [info] [VerilogDocumentSymbolProvider] [VerilogSymbol] Symbols Requested: file:///home/courses/desdigsys2/2024s/dds224s02/ex-1/lab3/fifo_property.sv
2024-02-05 19:41:26.009 [info] [CtagsManager] [Ctags] indexing...
2024-02-05 19:41:26.009 [info] [CtagsManager] [Ctags] executing ctags
2024-02-05 19:41:28.279 [info] [VerilogHoverProvider] Hover requested
2024-02-05 19:41:34.471 [info] [VerilogHoverProvider] Hover requested
2024-02-05 19:41:34.471 [info] [CtagsManager] [Ctags] indexing...
2024-02-05 19:41:34.471 [info] [CtagsManager] [Ctags] executing ctags
2024-02-05 19:41:36.116 [info] [VerilogHoverProvider] Hover requested
2024-02-05 19:41:36.116 [info] [CtagsManager] [Ctags] indexing...
2024-02-05 19:41:36.116 [info] [CtagsManager] [Ctags] executing ctags
2024-02-05 19:41:36.837 [info] [VerilogHoverProvider] Hover requested
2024-02-05 19:41:36.837 [info] [CtagsManager] [Ctags] indexing...
2024-02-05 19:41:36.837 [info] [CtagsManager] [Ctags] executing ctags
2024-02-05 19:41:37.968 [info] [VerilogHoverProvider] Hover requested
2024-02-05 19:41:37.968 [info] [CtagsManager] [Ctags] indexing...
2024-02-05 19:41:37.968 [info] [CtagsManager] [Ctags] executing ctags
2024-02-05 19:41:42.707 [info] [VerilogHoverProvider] Hover requested
2024-02-05 19:41:42.898 [info] [VerilogHoverProvider] Hover requested
2024-02-05 19:41:44.197 [info] [VerilogHoverProvider] Hover requested
2024-02-05 19:41:44.490 [info] [VerilogHoverProvider] Hover requested
2024-02-05 19:41:44.950 [info] [VerilogHoverProvider] Hover requested
2024-02-05 19:41:44.950 [info] [CtagsManager] [Ctags] indexing...
2024-02-05 19:41:44.950 [info] [CtagsManager] [Ctags] executing ctags
2024-02-05 19:41:46.544 [info] [VerilogHoverProvider] Hover requested
2024-02-05 19:41:46.544 [info] [CtagsManager] [Ctags] indexing...
2024-02-05 19:41:46.544 [info] [CtagsManager] [Ctags] executing ctags
2024-02-05 19:41:50.324 [info] [VerilogHoverProvider] Hover requested
2024-02-05 19:41:53.269 [info] [VerilogHoverProvider] Hover requested
2024-02-05 19:41:53.269 [info] [CtagsManager] [Ctags] indexing...
2024-02-05 19:41:53.269 [info] [CtagsManager] [Ctags] executing ctags
2024-02-05 19:41:53.476 [info] [VerilogHoverProvider] Hover requested
2024-02-05 19:41:54.842 [info] [VerilogHoverProvider] Hover requested
2024-02-05 19:41:55.705 [info] [VerilogHoverProvider] Hover requested
2024-02-05 19:41:55.706 [info] [CtagsManager] [Ctags] indexing...
2024-02-05 19:41:55.706 [info] [CtagsManager] [Ctags] executing ctags
2024-02-05 19:42:00.932 [info] [VerilogHoverProvider] Hover requested
2024-02-05 19:42:02.570 [info] [VerilogDocumentSymbolProvider] [VerilogSymbol] Symbols Requested: file:///home/courses/desdigsys2/2024s/dds224s02/ex-1/lab3/fifo_property.sv
2024-02-05 19:42:02.570 [info] [CtagsManager] [Ctags] indexing...
2024-02-05 19:42:02.570 [info] [CtagsManager] [Ctags] executing ctags
2024-02-05 19:42:20.972 [info] [VerilogHoverProvider] Hover requested
2024-02-05 19:42:20.973 [info] [CtagsManager] [Ctags] indexing...
2024-02-05 19:42:20.973 [info] [CtagsManager] [Ctags] executing ctags
2024-02-05 19:45:13.946 [info] [VerilogHoverProvider] Hover requested
2024-02-05 19:45:14.810 [info] [VerilogHoverProvider] Hover requested
2024-02-05 19:45:14.810 [info] [CtagsManager] [Ctags] indexing...
2024-02-05 19:45:14.810 [info] [CtagsManager] [Ctags] executing ctags
2024-02-05 19:45:18.046 [info] [VerilogHoverProvider] Hover requested
2024-02-05 19:45:18.838 [info] [VerilogHoverProvider] Hover requested
2024-02-05 19:48:20.480 [info] [VerilogHoverProvider] Hover requested
2024-02-05 19:48:23.417 [info] [VerilogHoverProvider] Hover requested
2024-02-05 19:48:25.088 [info] [VerilogHoverProvider] Hover requested
2024-02-05 19:48:25.088 [info] [CtagsManager] [Ctags] indexing...
2024-02-05 19:48:25.088 [info] [CtagsManager] [Ctags] executing ctags
2024-02-05 19:48:25.846 [info] [VerilogHoverProvider] Hover requested
2024-02-05 19:48:26.212 [info] [VerilogHoverProvider] Hover requested
2024-02-05 19:48:29.703 [info] [VerilogHoverProvider] Hover requested
2024-02-05 19:48:29.703 [info] [CtagsManager] [Ctags] indexing...
2024-02-05 19:48:29.703 [info] [CtagsManager] [Ctags] executing ctags
2024-02-05 19:48:29.923 [info] [VerilogDefinitionProvider] Definitions Requested: file:///home/courses/desdigsys2/2024s/dds224s02/ex-1/lab3/fifo_property.sv
2024-02-05 19:48:29.923 [info] [CtagsManager] [Ctags] indexing...
2024-02-05 19:48:29.923 [info] [CtagsManager] [Ctags] executing ctags
2024-02-05 19:48:29.968 [info] [VerilogDefinitionProvider] Definitions Requested: file:///home/courses/desdigsys2/2024s/dds224s02/ex-1/lab3/fifo_property.sv
2024-02-05 19:48:29.968 [info] [CtagsManager] [Ctags] indexing...
2024-02-05 19:48:29.968 [info] [CtagsManager] [Ctags] executing ctags
2024-02-05 19:48:29.978 [info] [VerilogDefinitionProvider] Definitions Requested: file:///home/courses/desdigsys2/2024s/dds224s02/ex-1/lab3/fifo_property.sv
2024-02-05 19:48:29.978 [info] [CtagsManager] [Ctags] indexing...
2024-02-05 19:48:29.978 [info] [CtagsManager] [Ctags] executing ctags
2024-02-05 19:48:35.741 [info] [VerilogHoverProvider] Hover requested
2024-02-05 19:48:35.741 [info] [CtagsManager] [Ctags] indexing...
2024-02-05 19:48:35.741 [info] [CtagsManager] [Ctags] executing ctags
2024-02-05 19:48:53.156 [info] [VerilogDocumentSymbolProvider] [VerilogSymbol] Symbols Requested: file:///home/courses/desdigsys2/2024s/dds224s02/ex-1/lab3/fifo_property.sv
2024-02-05 19:48:53.156 [info] [CtagsManager] [Ctags] indexing...
2024-02-05 19:48:53.156 [info] [CtagsManager] [Ctags] executing ctags
2024-02-05 19:48:55.581 [info] [VerilogDocumentSymbolProvider] [VerilogSymbol] Symbols Requested: file:///home/courses/desdigsys2/2024s/dds224s02/ex-1/lab3/fifo_property.sv
2024-02-05 19:48:55.581 [info] [CtagsManager] [Ctags] indexing...
2024-02-05 19:48:55.581 [info] [CtagsManager] [Ctags] executing ctags
2024-02-05 19:49:17.822 [info] [VerilogHoverProvider] Hover requested
2024-02-05 19:49:19.222 [info] [VerilogHoverProvider] Hover requested
2024-02-05 19:49:19.222 [info] [CtagsManager] [Ctags] indexing...
2024-02-05 19:49:19.222 [info] [CtagsManager] [Ctags] executing ctags
2024-02-05 19:49:19.615 [info] [VerilogHoverProvider] Hover requested
2024-02-05 19:49:19.615 [info] [CtagsManager] [Ctags] indexing...
2024-02-05 19:49:19.616 [info] [CtagsManager] [Ctags] executing ctags
2024-02-05 19:49:19.832 [info] [VerilogHoverProvider] Hover requested
2024-02-05 19:49:24.009 [info] [VerilogHoverProvider] Hover requested
2024-02-05 19:49:24.009 [info] [CtagsManager] [Ctags] indexing...
2024-02-05 19:49:24.009 [info] [CtagsManager] [Ctags] executing ctags
2024-02-05 19:49:24.390 [info] [VerilogHoverProvider] Hover requested
2024-02-05 19:49:24.391 [info] [CtagsManager] [Ctags] indexing...
2024-02-05 19:49:24.391 [info] [CtagsManager] [Ctags] executing ctags
2024-02-05 19:49:28.358 [info] [VerilogDefinitionProvider] Definitions Requested: file:///home/courses/desdigsys2/2024s/dds224s02/ex-1/lab3/fifo_property.sv
2024-02-05 19:49:28.359 [info] [CtagsManager] [Ctags] indexing...
2024-02-05 19:49:28.359 [info] [CtagsManager] [Ctags] executing ctags
2024-02-05 19:49:46.342 [info] [VerilogHoverProvider] Hover requested
2024-02-05 19:49:46.342 [info] [CtagsManager] [Ctags] indexing...
2024-02-05 19:49:46.342 [info] [CtagsManager] [Ctags] executing ctags
2024-02-05 19:49:46.926 [info] [VerilogHoverProvider] Hover requested
2024-02-05 19:49:47.966 [info] [VerilogHoverProvider] Hover requested
2024-02-05 19:49:47.966 [info] [CtagsManager] [Ctags] indexing...
2024-02-05 19:49:47.966 [info] [CtagsManager] [Ctags] executing ctags
2024-02-05 19:49:49.145 [info] [VerilogHoverProvider] Hover requested
2024-02-05 19:49:49.145 [info] [CtagsManager] [Ctags] indexing...
2024-02-05 19:49:49.145 [info] [CtagsManager] [Ctags] executing ctags
2024-02-05 19:49:49.550 [info] [VerilogHoverProvider] Hover requested
2024-02-05 19:49:49.550 [info] [CtagsManager] [Ctags] indexing...
2024-02-05 19:49:49.550 [info] [CtagsManager] [Ctags] executing ctags
2024-02-05 19:49:50.083 [info] [VerilogHoverProvider] Hover requested
2024-02-05 19:49:50.600 [info] [VerilogHoverProvider] Hover requested
2024-02-05 19:49:51.726 [info] [VerilogHoverProvider] Hover requested
2024-02-05 19:49:53.130 [info] [VerilogHoverProvider] Hover requested
2024-02-05 19:49:53.130 [info] [CtagsManager] [Ctags] indexing...
2024-02-05 19:49:53.130 [info] [CtagsManager] [Ctags] executing ctags
2024-02-05 19:49:56.483 [info] [VerilogHoverProvider] Hover requested
2024-02-05 19:49:56.915 [info] [VerilogDocumentSymbolProvider] [VerilogSymbol] Symbols Requested: file:///home/courses/desdigsys2/2024s/dds224s02/ex-1/lab3/fifo_property.sv
2024-02-05 19:49:56.915 [info] [CtagsManager] [Ctags] indexing...
2024-02-05 19:49:56.915 [info] [CtagsManager] [Ctags] executing ctags
2024-02-05 19:55:01.601 [info] [VerilogDocumentSymbolProvider] [VerilogSymbol] Symbols Requested: file:///home/courses/desdigsys2/2024s/dds224s02/ex-1/lab3/fifo_property.sv
2024-02-05 19:55:01.601 [info] [CtagsManager] [Ctags] indexing...
2024-02-05 19:55:01.601 [info] [CtagsManager] [Ctags] executing ctags
2024-02-05 19:55:11.007 [info] [VerilogDocumentSymbolProvider] [VerilogSymbol] Symbols Requested: file:///home/courses/desdigsys2/2024s/dds224s02/ex-1/lab3/fifo_property.sv
2024-02-05 19:55:11.007 [info] [CtagsManager] [Ctags] indexing...
2024-02-05 19:55:11.007 [info] [CtagsManager] [Ctags] executing ctags
2024-02-05 19:55:16.751 [info] [VerilogHoverProvider] Hover requested
2024-02-05 19:55:26.276 [info] [VerilogDocumentSymbolProvider] [VerilogSymbol] Symbols Requested: file:///home/courses/desdigsys2/2024s/dds224s02/ex-1/lab3/fifo_property.sv
2024-02-05 19:55:26.276 [info] [CtagsManager] [Ctags] indexing...
2024-02-05 19:55:26.276 [info] [CtagsManager] [Ctags] executing ctags
2024-02-05 19:56:13.532 [info] [VerilogHoverProvider] Hover requested
2024-02-05 19:56:13.532 [info] [CtagsManager] [Ctags] indexing...
2024-02-05 19:56:13.532 [info] [CtagsManager] [Ctags] executing ctags
2024-02-05 19:56:15.716 [info] [VerilogDocumentSymbolProvider] [VerilogSymbol] Symbols Requested: file:///home/courses/desdigsys2/2024s/dds224s02/ex-1/lab3/fifo_property.sv
2024-02-05 19:56:15.716 [info] [CtagsManager] [Ctags] indexing...
2024-02-05 19:56:15.716 [info] [CtagsManager] [Ctags] executing ctags
2024-02-05 19:58:30.738 [info] [VerilogDocumentSymbolProvider] [VerilogSymbol] Symbols Requested: file:///home/courses/desdigsys2/2024s/dds224s02/ex-1/lab3/fifo_property.sv
2024-02-05 19:58:30.738 [info] [CtagsManager] [Ctags] indexing...
2024-02-05 19:58:30.738 [info] [CtagsManager] [Ctags] executing ctags
2024-02-05 19:58:34.523 [info] [VerilogDocumentSymbolProvider] [VerilogSymbol] Symbols Requested: file:///home/courses/desdigsys2/2024s/dds224s02/ex-1/lab3/fifo_property.sv
2024-02-05 19:58:34.524 [info] [CtagsManager] [Ctags] indexing...
2024-02-05 19:58:34.524 [info] [CtagsManager] [Ctags] executing ctags
2024-02-05 19:58:34.841 [info] [VerilogHoverProvider] Hover requested
2024-02-05 19:58:34.841 [info] [CtagsManager] [Ctags] indexing...
2024-02-05 19:58:34.841 [info] [CtagsManager] [Ctags] executing ctags
2024-02-05 19:58:38.169 [info] [VerilogHoverProvider] Hover requested
2024-02-05 19:58:40.139 [info] [VerilogHoverProvider] Hover requested
2024-02-05 19:58:40.139 [info] [CtagsManager] [Ctags] indexing...
2024-02-05 19:58:40.139 [info] [CtagsManager] [Ctags] executing ctags
2024-02-05 19:58:40.350 [info] [VerilogHoverProvider] Hover requested
2024-02-05 19:58:42.845 [info] [VerilogHoverProvider] Hover requested
2024-02-05 19:58:48.032 [info] [VerilogHoverProvider] Hover requested
2024-02-05 19:58:48.032 [info] [CtagsManager] [Ctags] indexing...
2024-02-05 19:58:48.032 [info] [CtagsManager] [Ctags] executing ctags
2024-02-05 19:58:48.377 [info] [VerilogHoverProvider] Hover requested
2024-02-05 19:58:49.990 [info] [VerilogHoverProvider] Hover requested
2024-02-05 19:58:49.990 [info] [CtagsManager] [Ctags] indexing...
2024-02-05 19:58:49.990 [info] [CtagsManager] [Ctags] executing ctags
2024-02-05 19:59:54.971 [info] [VerilogDocumentSymbolProvider] [VerilogSymbol] Symbols Requested: file:///home/courses/desdigsys2/2024s/dds224s02/ex-1/lab3/fifo_property.sv
2024-02-05 19:59:54.971 [info] [CtagsManager] [Ctags] indexing...
2024-02-05 19:59:54.971 [info] [CtagsManager] [Ctags] executing ctags
2024-02-05 20:01:00.251 [info] [VerilogDocumentSymbolProvider] [VerilogSymbol] Symbols Requested: file:///home/courses/desdigsys2/2024s/dds224s02/ex-1/lab3/fifo_property.sv
2024-02-05 20:01:00.251 [info] [CtagsManager] [Ctags] indexing...
2024-02-05 20:01:00.251 [info] [CtagsManager] [Ctags] executing ctags
2024-02-05 20:01:03.371 [info] [VerilogHoverProvider] Hover requested
2024-02-05 20:01:05.965 [info] [VerilogHoverProvider] Hover requested
2024-02-05 20:01:05.965 [info] [CtagsManager] [Ctags] indexing...
2024-02-05 20:01:05.965 [info] [CtagsManager] [Ctags] executing ctags
2024-02-05 20:01:06.108 [info] [VerilogDefinitionProvider] Definitions Requested: file:///home/courses/desdigsys2/2024s/dds224s02/ex-1/lab3/fifo_property.sv
2024-02-05 20:01:06.108 [info] [CtagsManager] [Ctags] indexing...
2024-02-05 20:01:06.108 [info] [CtagsManager] [Ctags] executing ctags
2024-02-05 20:01:06.207 [info] [VerilogHoverProvider] Hover requested
2024-02-05 20:01:06.207 [info] [CtagsManager] [Ctags] indexing...
2024-02-05 20:01:06.207 [info] [CtagsManager] [Ctags] executing ctags
2024-02-05 20:01:22.547 [info] [VerilogHoverProvider] Hover requested
2024-02-05 20:05:10.705 [info] [VerilogDocumentSymbolProvider] [VerilogSymbol] Symbols Requested: file:///home/courses/desdigsys2/2024s/dds224s02/ex-1/lab3/fifo_property.sv
2024-02-05 20:05:10.705 [info] [CtagsManager] [Ctags] indexing...
2024-02-05 20:05:10.705 [info] [CtagsManager] [Ctags] executing ctags
2024-02-05 20:05:21.054 [info] [VerilogDocumentSymbolProvider] [VerilogSymbol] Symbols Requested: file:///home/courses/desdigsys2/2024s/dds224s02/ex-1/lab3/fifo_property.sv
2024-02-05 20:05:21.054 [info] [CtagsManager] [Ctags] indexing...
2024-02-05 20:05:21.054 [info] [CtagsManager] [Ctags] executing ctags
2024-02-05 20:06:24.420 [info] [VerilogHoverProvider] Hover requested
2024-02-05 20:06:24.420 [info] [CtagsManager] [Ctags] indexing...
2024-02-05 20:06:24.420 [info] [CtagsManager] [Ctags] executing ctags
2024-02-05 20:06:28.644 [info] [VerilogHoverProvider] Hover requested
2024-02-05 20:06:28.644 [info] [CtagsManager] [Ctags] indexing...
2024-02-05 20:06:28.644 [info] [CtagsManager] [Ctags] executing ctags
2024-02-05 20:06:34.018 [info] [VerilogHoverProvider] Hover requested
2024-02-05 20:06:34.683 [info] [VerilogHoverProvider] Hover requested
2024-02-05 20:06:46.989 [info] [VerilogDocumentSymbolProvider] [VerilogSymbol] Symbols Requested: file:///home/courses/desdigsys2/2024s/dds224s02/ex-1/lab3/fifo_property.sv
2024-02-05 20:06:46.989 [info] [CtagsManager] [Ctags] indexing...
2024-02-05 20:06:46.989 [info] [CtagsManager] [Ctags] executing ctags
2024-02-05 20:06:47.817 [info] [VerilogHoverProvider] Hover requested
2024-02-05 20:06:47.817 [info] [CtagsManager] [Ctags] indexing...
2024-02-05 20:06:47.817 [info] [CtagsManager] [Ctags] executing ctags
2024-02-05 20:06:50.617 [info] [VerilogHoverProvider] Hover requested
2024-02-05 20:06:50.617 [info] [CtagsManager] [Ctags] indexing...
2024-02-05 20:06:50.617 [info] [CtagsManager] [Ctags] executing ctags
2024-02-05 20:06:50.935 [info] [VerilogHoverProvider] Hover requested
2024-02-05 20:06:50.935 [info] [CtagsManager] [Ctags] indexing...
2024-02-05 20:06:50.935 [info] [CtagsManager] [Ctags] executing ctags
2024-02-05 20:06:51.820 [info] [VerilogHoverProvider] Hover requested
2024-02-05 20:06:53.936 [info] [VerilogHoverProvider] Hover requested
2024-02-05 20:06:53.936 [info] [CtagsManager] [Ctags] indexing...
2024-02-05 20:06:53.936 [info] [CtagsManager] [Ctags] executing ctags
2024-02-05 20:06:55.524 [info] [VerilogHoverProvider] Hover requested
2024-02-05 20:06:55.524 [info] [CtagsManager] [Ctags] indexing...
2024-02-05 20:06:55.524 [info] [CtagsManager] [Ctags] executing ctags
2024-02-05 20:06:57.968 [info] [VerilogDocumentSymbolProvider] [VerilogSymbol] Symbols Requested: file:///home/courses/desdigsys2/2024s/dds224s02/ex-1/lab3/fifo_property.sv
2024-02-05 20:06:57.968 [info] [CtagsManager] [Ctags] indexing...
2024-02-05 20:06:57.968 [info] [CtagsManager] [Ctags] executing ctags
2024-02-05 20:09:16.569 [info] [VerilogHoverProvider] Hover requested
2024-02-05 20:09:18.418 [info] [VerilogHoverProvider] Hover requested
2024-02-05 20:09:29.794 [info] [VerilogHoverProvider] Hover requested
2024-02-05 20:09:29.794 [info] [CtagsManager] [Ctags] indexing...
2024-02-05 20:09:29.794 [info] [CtagsManager] [Ctags] executing ctags
2024-02-05 20:09:30.349 [info] [VerilogHoverProvider] Hover requested
2024-02-05 20:09:30.349 [info] [CtagsManager] [Ctags] indexing...
2024-02-05 20:09:30.349 [info] [CtagsManager] [Ctags] executing ctags
2024-02-05 20:09:30.566 [info] [VerilogHoverProvider] Hover requested
2024-02-05 20:09:31.412 [info] [VerilogHoverProvider] Hover requested
2024-02-05 20:09:35.304 [info] [VerilogHoverProvider] Hover requested
2024-02-05 20:11:55.232 [info] [VerilogDocumentSymbolProvider] [VerilogSymbol] Symbols Requested: file:///home/courses/desdigsys2/2024s/dds224s02/ex-1/lab3/fifo_property.sv
2024-02-05 20:11:55.232 [info] [CtagsManager] [Ctags] indexing...
2024-02-05 20:11:55.232 [info] [CtagsManager] [Ctags] executing ctags
2024-02-05 20:12:06.597 [info] [VerilogHoverProvider] Hover requested
2024-02-05 20:12:08.881 [info] [VerilogDefinitionProvider] Definitions Requested: file:///home/courses/desdigsys2/2024s/dds224s02/ex-1/lab3/fifo_property.sv
2024-02-05 20:12:08.881 [info] [CtagsManager] [Ctags] indexing...
2024-02-05 20:12:08.881 [info] [CtagsManager] [Ctags] executing ctags
2024-02-05 20:12:08.994 [info] [VerilogHoverProvider] Hover requested
2024-02-05 20:12:08.994 [info] [CtagsManager] [Ctags] indexing...
2024-02-05 20:12:08.994 [info] [CtagsManager] [Ctags] executing ctags
2024-02-05 20:12:21.077 [info] [VerilogHoverProvider] Hover requested
2024-02-05 20:12:21.077 [info] [CtagsManager] [Ctags] indexing...
2024-02-05 20:12:21.077 [info] [CtagsManager] [Ctags] executing ctags
2024-02-05 20:17:47.619 [info] [VerilogDocumentSymbolProvider] [VerilogSymbol] Symbols Requested: file:///home/courses/desdigsys2/2024s/dds224s02/ex-1/lab4/counter_property.sv
2024-02-05 20:17:47.619 [info] [CtagsManager] [Ctags] indexing...
2024-02-05 20:17:47.619 [info] [CtagsManager] [Ctags] executing ctags
2024-02-05 20:17:48.500 [info] [VerilogHoverProvider] Hover requested
2024-02-05 20:18:01.002 [info] [VerilogHoverProvider] Hover requested
2024-02-05 20:18:56.493 [info] [VerilogHoverProvider] Hover requested
2024-02-05 20:21:32.377 [info] [VerilogHoverProvider] Hover requested
2024-02-05 20:21:34.742 [info] [VerilogHoverProvider] Hover requested
2024-02-05 20:21:34.742 [info] [CtagsManager] [Ctags] indexing...
2024-02-05 20:21:34.742 [info] [CtagsManager] [Ctags] executing ctags
2024-02-05 20:25:23.924 [info] [VerilogDocumentSymbolProvider] [VerilogSymbol] Symbols Requested: file:///home/courses/desdigsys2/2024s/dds224s02/ex-1/lab4/counter_property.sv
2024-02-05 20:25:23.924 [info] [CtagsManager] [Ctags] indexing...
2024-02-05 20:25:23.924 [info] [CtagsManager] [Ctags] executing ctags
2024-02-05 20:25:24.658 [info] [VerilogHoverProvider] Hover requested
2024-02-05 20:25:24.658 [info] [CtagsManager] [Ctags] indexing...
2024-02-05 20:25:24.658 [info] [CtagsManager] [Ctags] executing ctags
2024-02-05 20:25:25.707 [info] [VerilogHoverProvider] Hover requested
2024-02-05 20:25:25.891 [info] [VerilogHoverProvider] Hover requested
2024-02-05 20:25:26.242 [info] [VerilogHoverProvider] Hover requested
2024-02-05 20:25:28.277 [info] [VerilogDefinitionProvider] Definitions Requested: file:///home/courses/desdigsys2/2024s/dds224s02/ex-1/lab4/counter_property.sv
2024-02-05 20:25:28.277 [info] [CtagsManager] [Ctags] indexing...
2024-02-05 20:25:28.277 [info] [CtagsManager] [Ctags] executing ctags
2024-02-05 20:25:28.439 [info] [VerilogHoverProvider] Hover requested
2024-02-05 20:27:36.097 [info] [VerilogDocumentSymbolProvider] [VerilogSymbol] Symbols Requested: file:///home/courses/desdigsys2/2024s/dds224s02/ex-1/lab4/counter_property.sv
2024-02-05 20:27:36.097 [info] [CtagsManager] [Ctags] indexing...
2024-02-05 20:27:36.097 [info] [CtagsManager] [Ctags] executing ctags
2024-02-05 20:27:37.266 [info] [VerilogDocumentSymbolProvider] [VerilogSymbol] Symbols Requested: file:///home/courses/desdigsys2/2024s/dds224s02/ex-1/lab4/counter_property.sv
2024-02-05 20:27:37.266 [info] [CtagsManager] [Ctags] indexing...
2024-02-05 20:27:37.266 [info] [CtagsManager] [Ctags] executing ctags
2024-02-05 20:40:42.991 [info] [VerilogDocumentSymbolProvider] [VerilogSymbol] Symbols Requested: file:///home/courses/desdigsys2/2024s/dds224s02/ex-1/lab4/counter_property.sv
2024-02-05 20:40:42.992 [info] [CtagsManager] [Ctags] indexing...
2024-02-05 20:40:42.992 [info] [CtagsManager] [Ctags] executing ctags
2024-02-05 20:40:46.740 [info] [VerilogDocumentSymbolProvider] [VerilogSymbol] Symbols Requested: file:///home/courses/desdigsys2/2024s/dds224s02/ex-1/lab4/counter_property.sv
2024-02-05 20:40:46.740 [info] [CtagsManager] [Ctags] indexing...
2024-02-05 20:40:46.740 [info] [CtagsManager] [Ctags] executing ctags
2024-02-05 20:40:51.602 [info] [VerilogHoverProvider] Hover requested
2024-02-05 20:40:51.602 [info] [CtagsManager] [Ctags] indexing...
2024-02-05 20:40:51.602 [info] [CtagsManager] [Ctags] executing ctags
2024-02-05 20:40:52.271 [info] [VerilogHoverProvider] Hover requested
2024-02-05 20:40:55.544 [info] [VerilogHoverProvider] Hover requested
2024-02-05 20:42:58.742 [info] [VerilogDocumentSymbolProvider] [VerilogSymbol] Symbols Requested: file:///home/courses/desdigsys2/2024s/dds224s02/ex-1/lab4/counter_property.sv
2024-02-05 20:42:58.742 [info] [CtagsManager] [Ctags] indexing...
2024-02-05 20:42:58.742 [info] [CtagsManager] [Ctags] executing ctags
2024-02-05 20:58:35.020 [info] [VerilogDocumentSymbolProvider] [VerilogSymbol] Symbols Requested: file:///home/courses/desdigsys2/2024s/dds224s02/ex-1/lab4/counter_property.sv
2024-02-05 20:58:35.020 [info] [CtagsManager] [Ctags] indexing...
2024-02-05 20:58:35.020 [info] [CtagsManager] [Ctags] executing ctags
2024-02-05 20:58:39.698 [info] [VerilogDocumentSymbolProvider] [VerilogSymbol] Symbols Requested: file:///home/courses/desdigsys2/2024s/dds224s02/ex-1/lab4/counter_property.sv
2024-02-05 20:58:39.698 [info] [CtagsManager] [Ctags] indexing...
2024-02-05 20:58:39.698 [info] [CtagsManager] [Ctags] executing ctags
2024-02-05 20:58:44.224 [info] [VerilogHoverProvider] Hover requested
2024-02-05 20:58:44.224 [info] [CtagsManager] [Ctags] indexing...
2024-02-05 20:58:44.224 [info] [CtagsManager] [Ctags] executing ctags
2024-02-05 20:58:45.390 [info] [VerilogHoverProvider] Hover requested
2024-02-05 20:58:49.357 [info] [VerilogHoverProvider] Hover requested
2024-02-05 20:58:51.067 [info] [VerilogHoverProvider] Hover requested
2024-02-05 20:58:51.067 [info] [CtagsManager] [Ctags] indexing...
2024-02-05 20:58:51.067 [info] [CtagsManager] [Ctags] executing ctags
2024-02-05 21:44:18.530 [info] [VerilogHoverProvider] Hover requested
2024-02-05 21:44:18.531 [info] [CtagsManager] [Ctags] indexing...
2024-02-05 21:44:18.531 [info] [CtagsManager] [Ctags] executing ctags
2024-02-05 21:44:18.829 [info] [VerilogHoverProvider] Hover requested
2024-02-05 21:44:18.829 [info] [CtagsManager] [Ctags] indexing...
2024-02-05 21:44:18.829 [info] [CtagsManager] [Ctags] executing ctags
2024-02-05 21:44:55.048 [info] [VerilogDocumentSymbolProvider] [VerilogSymbol] Symbols Requested: file:///home/courses/desdigsys2/2024s/dds224s02/ex-1/lab5/bus_protocol_property.sv
2024-02-05 21:44:55.048 [info] [CtagsManager] [Ctags] indexing...
2024-02-05 21:44:55.048 [info] [CtagsManager] [Ctags] executing ctags
2024-02-05 21:44:55.367 [info] [VerilogHoverProvider] Hover requested
2024-02-05 21:53:13.275 [info] [VerilogDocumentSymbolProvider] [VerilogSymbol] Symbols Requested: file:///home/courses/desdigsys2/2024s/dds224s02/ex-1/lab5/bus_protocol_property.sv
2024-02-05 21:53:13.275 [info] [CtagsManager] [Ctags] indexing...
2024-02-05 21:53:13.275 [info] [CtagsManager] [Ctags] executing ctags
2024-02-05 21:53:24.524 [info] [VerilogDocumentSymbolProvider] [VerilogSymbol] Symbols Requested: file:///home/courses/desdigsys2/2024s/dds224s02/ex-1/lab5/bus_protocol_property.sv
2024-02-05 21:53:24.524 [info] [CtagsManager] [Ctags] indexing...
2024-02-05 21:53:24.524 [info] [CtagsManager] [Ctags] executing ctags
2024-02-05 21:53:26.312 [info] [VerilogHoverProvider] Hover requested
2024-02-05 21:55:32.939 [info] [VerilogDocumentSymbolProvider] [VerilogSymbol] Symbols Requested: file:///home/courses/desdigsys2/2024s/dds224s02/ex-1/lab5/bus_protocol_property.sv
2024-02-05 21:55:32.939 [info] [CtagsManager] [Ctags] indexing...
2024-02-05 21:55:32.939 [info] [CtagsManager] [Ctags] executing ctags
2024-02-05 21:55:58.403 [info] [VerilogDocumentSymbolProvider] [VerilogSymbol] Symbols Requested: file:///home/courses/desdigsys2/2024s/dds224s02/ex-1/lab5/bus_protocol_property.sv
2024-02-05 21:55:58.403 [info] [CtagsManager] [Ctags] indexing...
2024-02-05 21:55:58.404 [info] [CtagsManager] [Ctags] executing ctags
2024-02-05 22:06:51.606 [info] [VerilogDocumentSymbolProvider] [VerilogSymbol] Symbols Requested: file:///home/courses/desdigsys2/2024s/dds224s02/ex-1/lab5/bus_protocol_property.sv
2024-02-05 22:06:51.606 [info] [CtagsManager] [Ctags] indexing...
2024-02-05 22:06:51.606 [info] [CtagsManager] [Ctags] executing ctags
2024-02-05 22:07:01.535 [info] [VerilogDocumentSymbolProvider] [VerilogSymbol] Symbols Requested: file:///home/courses/desdigsys2/2024s/dds224s02/ex-1/lab5/bus_protocol_property.sv
2024-02-05 22:07:01.536 [info] [CtagsManager] [Ctags] indexing...
2024-02-05 22:07:01.536 [info] [CtagsManager] [Ctags] executing ctags
2024-02-05 22:07:02.060 [info] [VerilogHoverProvider] Hover requested
2024-02-05 22:07:02.060 [info] [CtagsManager] [Ctags] indexing...
2024-02-05 22:07:02.060 [info] [CtagsManager] [Ctags] executing ctags
2024-02-05 22:07:08.962 [info] [VerilogHoverProvider] Hover requested
2024-02-05 22:07:08.962 [info] [CtagsManager] [Ctags] indexing...
2024-02-05 22:07:08.962 [info] [CtagsManager] [Ctags] executing ctags
2024-02-05 22:07:35.793 [info] [VerilogHoverProvider] Hover requested
2024-02-05 22:07:35.793 [info] [CtagsManager] [Ctags] indexing...
2024-02-05 22:07:35.793 [info] [CtagsManager] [Ctags] executing ctags
2024-02-05 22:07:36.208 [info] [VerilogHoverProvider] Hover requested
2024-02-05 22:07:36.208 [info] [CtagsManager] [Ctags] indexing...
2024-02-05 22:07:36.208 [info] [CtagsManager] [Ctags] executing ctags
2024-02-05 22:07:38.770 [info] [VerilogHoverProvider] Hover requested
2024-02-05 22:07:38.980 [info] [VerilogHoverProvider] Hover requested
2024-02-05 22:07:41.740 [info] [VerilogHoverProvider] Hover requested
2024-02-05 22:07:42.070 [info] [VerilogDefinitionProvider] Definitions Requested: file:///home/courses/desdigsys2/2024s/dds224s02/ex-1/lab5/bus_protocol_property.sv
2024-02-05 22:07:42.070 [info] [CtagsManager] [Ctags] indexing...
2024-02-05 22:07:42.070 [info] [CtagsManager] [Ctags] executing ctags
2024-02-05 22:07:42.314 [info] [VerilogHoverProvider] Hover requested
2024-02-05 22:07:42.314 [info] [CtagsManager] [Ctags] indexing...
2024-02-05 22:07:42.314 [info] [CtagsManager] [Ctags] executing ctags
2024-02-05 22:09:29.997 [info] [VerilogHoverProvider] Hover requested
2024-02-05 22:09:29.997 [info] [CtagsManager] [Ctags] indexing...
2024-02-05 22:09:29.997 [info] [CtagsManager] [Ctags] executing ctags
2024-02-05 22:09:56.117 [info] [VerilogHoverProvider] Hover requested
2024-02-05 22:09:56.897 [info] [VerilogDocumentSymbolProvider] [VerilogSymbol] Symbols Requested: file:///home/courses/desdigsys2/2024s/dds224s02/ex-1/lab5/bus_protocol_property.sv
2024-02-05 22:09:56.897 [info] [CtagsManager] [Ctags] indexing...
2024-02-05 22:09:56.897 [info] [CtagsManager] [Ctags] executing ctags
2024-02-05 23:25:06.618 [info] [VerilogDocumentSymbolProvider] [VerilogSymbol] Symbols Requested: file:///home/courses/desdigsys2/2024s/dds224s02/ex-1/lab5/bus_protocol_property.sv
2024-02-05 23:25:06.618 [info] [CtagsManager] [Ctags] indexing...
2024-02-05 23:25:06.618 [info] [CtagsManager] [Ctags] executing ctags
2024-02-05 23:25:07.183 [info] [VerilogHoverProvider] Hover requested
2024-02-05 23:25:07.183 [info] [CtagsManager] [Ctags] indexing...
2024-02-05 23:25:07.183 [info] [CtagsManager] [Ctags] executing ctags
2024-02-05 23:25:08.764 [info] [VerilogHoverProvider] Hover requested
2024-02-05 23:25:08.764 [info] [CtagsManager] [Ctags] indexing...
2024-02-05 23:25:08.764 [info] [CtagsManager] [Ctags] executing ctags
2024-02-05 23:25:09.182 [info] [VerilogHoverProvider] Hover requested
2024-02-05 23:25:09.182 [info] [CtagsManager] [Ctags] indexing...
2024-02-05 23:25:09.183 [info] [CtagsManager] [Ctags] executing ctags
2024-02-05 23:25:09.646 [info] [VerilogHoverProvider] Hover requested
2024-02-05 23:25:09.647 [info] [CtagsManager] [Ctags] indexing...
2024-02-05 23:25:09.647 [info] [CtagsManager] [Ctags] executing ctags
2024-02-05 23:25:10.275 [info] [VerilogHoverProvider] Hover requested
2024-02-05 23:25:10.275 [info] [CtagsManager] [Ctags] indexing...
2024-02-05 23:25:10.275 [info] [CtagsManager] [Ctags] executing ctags
2024-02-05 23:25:12.601 [info] [VerilogDocumentSymbolProvider] [VerilogSymbol] Symbols Requested: file:///home/courses/desdigsys2/2024s/dds224s02/ex-1/lab5/bus_protocol_property.sv
2024-02-05 23:25:12.601 [info] [CtagsManager] [Ctags] indexing...
2024-02-05 23:25:12.602 [info] [CtagsManager] [Ctags] executing ctags
2024-02-05 23:25:18.962 [info] [VerilogHoverProvider] Hover requested
2024-02-05 23:25:19.317 [info] [VerilogDefinitionProvider] Definitions Requested: file:///home/courses/desdigsys2/2024s/dds224s02/ex-1/lab5/bus_protocol_property.sv
2024-02-05 23:25:19.317 [info] [CtagsManager] [Ctags] indexing...
2024-02-05 23:25:19.317 [info] [CtagsManager] [Ctags] executing ctags
2024-02-05 23:25:19.397 [info] [VerilogHoverProvider] Hover requested
2024-02-05 23:25:19.397 [info] [CtagsManager] [Ctags] indexing...
2024-02-05 23:25:19.397 [info] [CtagsManager] [Ctags] executing ctags
2024-02-05 23:38:25.163 [info] [VerilogDocumentSymbolProvider] [VerilogSymbol] Symbols Requested: file:///home/courses/desdigsys2/2024s/dds224s02/ex-1/lab6/pci_protocol_property.sv
2024-02-05 23:38:25.163 [info] [CtagsManager] [Ctags] indexing...
2024-02-05 23:38:25.163 [info] [CtagsManager] [Ctags] executing ctags
2024-02-05 23:38:37.980 [info] [VerilogHoverProvider] Hover requested
2024-02-05 23:38:37.981 [info] [CtagsManager] [Ctags] indexing...
2024-02-05 23:38:37.981 [info] [CtagsManager] [Ctags] executing ctags
2024-02-05 23:38:38.621 [info] [VerilogHoverProvider] Hover requested
2024-02-05 23:38:39.728 [info] [VerilogHoverProvider] Hover requested
2024-02-05 23:38:42.593 [info] [VerilogHoverProvider] Hover requested
2024-02-05 23:39:03.586 [info] [VerilogDocumentSymbolProvider] [VerilogSymbol] Symbols Requested: file:///home/courses/desdigsys2/2024s/dds224s02/ex-1/lab6/pci_protocol_property.sv
2024-02-05 23:39:03.586 [info] [CtagsManager] [Ctags] indexing...
2024-02-05 23:39:03.586 [info] [CtagsManager] [Ctags] executing ctags
2024-02-05 23:39:28.986 [info] [VerilogHoverProvider] Hover requested
2024-02-05 23:39:28.986 [info] [CtagsManager] [Ctags] indexing...
2024-02-05 23:39:28.986 [info] [CtagsManager] [Ctags] executing ctags
2024-02-05 23:39:29.311 [info] [VerilogHoverProvider] Hover requested
2024-02-05 23:39:29.311 [info] [CtagsManager] [Ctags] indexing...
2024-02-05 23:39:29.311 [info] [CtagsManager] [Ctags] executing ctags
2024-02-05 23:41:05.041 [info] [VerilogDocumentSymbolProvider] [VerilogSymbol] Symbols Requested: file:///home/courses/desdigsys2/2024s/dds224s02/ex-1/lab6/pci_protocol_property.sv
2024-02-05 23:41:05.041 [info] [CtagsManager] [Ctags] indexing...
2024-02-05 23:41:05.041 [info] [CtagsManager] [Ctags] executing ctags
2024-02-05 23:41:05.477 [info] [VerilogHoverProvider] Hover requested
2024-02-05 23:41:07.496 [info] [VerilogHoverProvider] Hover requested
2024-02-05 23:41:07.878 [info] [VerilogHoverProvider] Hover requested
2024-02-05 23:41:14.387 [info] [VerilogHoverProvider] Hover requested
2024-02-05 23:41:24.638 [info] [VerilogHoverProvider] Hover requested
2024-02-05 23:41:24.638 [info] [CtagsManager] [Ctags] indexing...
2024-02-05 23:41:24.638 [info] [CtagsManager] [Ctags] executing ctags
2024-02-05 23:41:33.397 [info] [VerilogHoverProvider] Hover requested
2024-02-05 23:41:33.397 [info] [CtagsManager] [Ctags] indexing...
2024-02-05 23:41:33.397 [info] [CtagsManager] [Ctags] executing ctags
2024-02-05 23:41:33.997 [info] [VerilogHoverProvider] Hover requested
2024-02-05 23:41:36.264 [info] [VerilogHoverProvider] Hover requested
2024-02-05 23:41:47.752 [info] [VerilogHoverProvider] Hover requested
2024-02-05 23:41:47.753 [info] [CtagsManager] [Ctags] indexing...
2024-02-05 23:41:47.753 [info] [CtagsManager] [Ctags] executing ctags
2024-02-05 23:41:49.948 [info] [VerilogHoverProvider] Hover requested
2024-02-05 23:41:49.948 [info] [CtagsManager] [Ctags] indexing...
2024-02-05 23:41:49.948 [info] [CtagsManager] [Ctags] executing ctags
2024-02-05 23:41:50.240 [info] [VerilogHoverProvider] Hover requested
2024-02-05 23:41:52.730 [info] [VerilogHoverProvider] Hover requested
2024-02-05 23:41:59.798 [info] [VerilogDocumentSymbolProvider] [VerilogSymbol] Symbols Requested: file:///home/courses/desdigsys2/2024s/dds224s02/ex-1/lab6/pci_protocol_property.sv
2024-02-05 23:41:59.798 [info] [CtagsManager] [Ctags] indexing...
2024-02-05 23:41:59.798 [info] [CtagsManager] [Ctags] executing ctags
2024-02-05 23:42:34.651 [info] [VerilogDocumentSymbolProvider] [VerilogSymbol] Symbols Requested: file:///home/courses/desdigsys2/2024s/dds224s02/ex-1/lab6/pci_protocol_property.sv
2024-02-05 23:42:34.651 [info] [CtagsManager] [Ctags] indexing...
2024-02-05 23:42:34.651 [info] [CtagsManager] [Ctags] executing ctags
2024-02-05 23:47:33.513 [info] [VerilogDocumentSymbolProvider] [VerilogSymbol] Symbols Requested: file:///home/courses/desdigsys2/2024s/dds224s02/ex-1/lab6/pci_protocol_property.sv
2024-02-05 23:47:33.513 [info] [CtagsManager] [Ctags] indexing...
2024-02-05 23:47:33.513 [info] [CtagsManager] [Ctags] executing ctags
2024-02-05 23:47:33.637 [info] [VerilogHoverProvider] Hover requested
2024-02-05 23:47:43.439 [info] [VerilogDocumentSymbolProvider] [VerilogSymbol] Symbols Requested: file:///home/courses/desdigsys2/2024s/dds224s02/ex-1/lab6/pci_protocol_property.sv
2024-02-05 23:47:43.439 [info] [CtagsManager] [Ctags] indexing...
2024-02-05 23:47:43.439 [info] [CtagsManager] [Ctags] executing ctags
2024-02-05 23:47:43.909 [info] [VerilogHoverProvider] Hover requested
2024-02-05 23:47:45.206 [info] [VerilogHoverProvider] Hover requested
2024-02-05 23:47:45.389 [info] [VerilogHoverProvider] Hover requested
2024-02-05 23:47:47.348 [info] [VerilogHoverProvider] Hover requested
2024-02-05 23:48:08.546 [info] [VerilogDocumentSymbolProvider] [VerilogSymbol] Symbols Requested: file:///home/courses/desdigsys2/2024s/dds224s02/ex-1/lab6/pci_protocol_property.sv
2024-02-05 23:48:08.546 [info] [CtagsManager] [Ctags] indexing...
2024-02-05 23:48:08.546 [info] [CtagsManager] [Ctags] executing ctags
2024-02-05 23:52:08.275 [info] [VerilogDocumentSymbolProvider] [VerilogSymbol] Symbols Requested: file:///home/courses/desdigsys2/2024s/dds224s02/ex-1/lab6/pci_protocol_property.sv
2024-02-05 23:52:08.275 [info] [CtagsManager] [Ctags] indexing...
2024-02-05 23:52:08.275 [info] [CtagsManager] [Ctags] executing ctags
2024-02-05 23:52:12.883 [info] [VerilogDocumentSymbolProvider] [VerilogSymbol] Symbols Requested: file:///home/courses/desdigsys2/2024s/dds224s02/ex-1/lab6/pci_protocol_property.sv
2024-02-05 23:52:12.883 [info] [CtagsManager] [Ctags] indexing...
2024-02-05 23:52:12.883 [info] [CtagsManager] [Ctags] executing ctags
2024-02-05 23:52:13.792 [info] [VerilogHoverProvider] Hover requested
2024-02-05 23:52:13.792 [info] [CtagsManager] [Ctags] indexing...
2024-02-05 23:52:13.792 [info] [CtagsManager] [Ctags] executing ctags
2024-02-05 23:52:14.940 [info] [VerilogHoverProvider] Hover requested
2024-02-05 23:52:15.538 [info] [VerilogHoverProvider] Hover requested
2024-02-05 23:52:17.253 [info] [VerilogHoverProvider] Hover requested
2024-02-05 23:52:49.596 [info] [VerilogHoverProvider] Hover requested
2024-02-05 23:52:49.596 [info] [CtagsManager] [Ctags] indexing...
2024-02-05 23:52:49.596 [info] [CtagsManager] [Ctags] executing ctags
2024-02-05 23:53:34.762 [info] [VerilogHoverProvider] Hover requested
2024-02-06 00:04:30.553 [info] [VerilogHoverProvider] Hover requested
2024-02-06 00:04:30.553 [info] [CtagsManager] [Ctags] indexing...
2024-02-06 00:04:30.553 [info] [CtagsManager] [Ctags] executing ctags
2024-02-06 00:04:30.563 [info] [VerilogDocumentSymbolProvider] [VerilogSymbol] Symbols Requested: file:///home/courses/desdigsys2/2024s/dds224s02/ex-1/lab6/pci_protocol_property.sv
2024-02-06 00:04:30.563 [info] [CtagsManager] [Ctags] indexing...
2024-02-06 00:04:30.563 [info] [CtagsManager] [Ctags] executing ctags
2024-02-06 00:04:31.036 [info] [VerilogHoverProvider] Hover requested
2024-02-06 00:04:31.036 [info] [CtagsManager] [Ctags] indexing...
2024-02-06 00:04:31.036 [info] [CtagsManager] [Ctags] executing ctags
2024-02-06 00:04:35.414 [info] [VerilogHoverProvider] Hover requested
2024-02-06 00:20:22.032 [info] [VerilogHoverProvider] Hover requested
2024-02-06 00:20:22.032 [info] [CtagsManager] [Ctags] indexing...
2024-02-06 00:20:22.032 [info] [CtagsManager] [Ctags] executing ctags
2024-02-06 00:23:48.950 [info] [VerilogHoverProvider] Hover requested
2024-02-06 00:25:42.055 [info] Deactivated
